<?xml version="1.0" encoding="UTF-8"?>
<!-- Generated by org.testng.reporters.JUnitReportReporter -->
<testsuite hostname="DESKTOP-GA3FTFK" failures="0" tests="6" name="selenium.testngannotations.AnnotationClass" time="0.050" errors="0" timestamp="2023-02-01T09:52:02 IST" skipped="0">
  <testcase classname="selenium.testngannotations.AnnotationClass" name="test2" time="0.006"/>
  <system-out/>
  <testcase classname="selenium.testngannotations.AnnotationClass" name="test1" time="0.023"/>
  <system-out/>
  <testcase classname="selenium.testngannotations.AnnotationClass" name="test3" time="0.005"/>
  <system-out/>
  <testcase classname="selenium.testngannotations.AnnotationClass" name="test1" time="0.007"/>
  <system-out/>
  <testcase classname="selenium.testngannotations.AnnotationClass" name="test2" time="0.004"/>
  <system-out/>
  <testcase classname="selenium.testngannotations.AnnotationClass" name="test3" time="0.005"/>
  <system-out/>
</testsuite> <!-- selenium.testngannotations.AnnotationClass -->
