<?xml version="1.0" encoding="UTF-8"?>
<!-- Generated by org.testng.reporters.JUnitReportReporter -->
<testsuite hostname="DESKTOP-GA3FTFK" failures="0" tests="2" name="selenium.testng.TestClass" time="21.210" errors="0" timestamp="2023-01-30T10:38:01 IST" skipped="0">
  <testcase classname="selenium.testng.TestClass" name="c" time="8.855"/>
  <system-out/>
  <testcase classname="selenium.testng.TestClass" name="b" time="12.355"/>
  <system-out/>
</testsuite> <!-- selenium.testng.TestClass -->
