<?xml version="1.0" encoding="UTF-8"?>
<!-- Generated by org.testng.reporters.JUnitReportReporter -->
<testsuite hostname="DESKTOP-GA3FTFK" failures="0" tests="1" name="selenium.testng.chromeclass" time="13.777" errors="0" timestamp="2023-01-28T23:53:16 IST" skipped="0">
  <testcase classname="selenium.testng.chromeclass" name="testchrome" time="13.777"/>
  <system-out/>
</testsuite> <!-- selenium.testng.chromeclass -->
