<?xml version="1.0" encoding="UTF-8"?>
<!-- Generated by org.testng.reporters.JUnitReportReporter -->
<testsuite hostname="DESKTOP-GA3FTFK" failures="0" tests="3" name="selenium.testngannotations.AnnotationClass2" time="0.040" errors="0" timestamp="2023-02-01T10:21:29 IST" skipped="0">
  <testcase classname="selenium.testngannotations.AnnotationClass2" name="test1" time="0.016"/>
  <system-out/>
  <testcase classname="selenium.testngannotations.AnnotationClass2" name="test2" time="0.017"/>
  <system-out/>
  <testcase classname="selenium.testngannotations.AnnotationClass2" name="test3" time="0.007"/>
  <system-out/>
</testsuite> <!-- selenium.testngannotations.AnnotationClass2 -->
