<?xml version="1.0" encoding="UTF-8"?>
<!-- Generated by org.testng.reporters.JUnitReportReporter -->
<testsuite hostname="DESKTOP-GA3FTFK" failures="0" tests="3" name="selenium.testngannotations.AnnotationClass1" time="0.032" errors="0" timestamp="2023-02-01T10:21:29 IST" skipped="1">
  <testcase classname="selenium.testngannotations.AnnotationClass1" name="test1" time="0.020"/>
  <system-out/>
  <testcase classname="selenium.testngannotations.AnnotationClass1" name="test2" time="0.012"/>
  <system-out/>
  <testcase classname="selenium.testngannotations.AnnotationClass1" name="test3">
    <skipped/>
  </testcase> <!-- test3 -->
  <system-out/>
</testsuite> <!-- selenium.testngannotations.AnnotationClass1 -->
