<?xml version="1.0" encoding="UTF-8"?>
<!-- Generated by org.testng.reporters.JUnitReportReporter -->
<testsuite hostname="DESKTOP-GA3FTFK" failures="0" tests="1" name="selenium.testng.TestClass2" time="9.073" errors="0" timestamp="2023-01-30T10:38:01 IST" skipped="0">
  <testcase classname="selenium.testng.TestClass2" name="b" time="9.073"/>
  <system-out/>
</testsuite> <!-- selenium.testng.TestClass2 -->
