<?xml version="1.0" encoding="UTF-8"?>
<!-- Generated by org.testng.reporters.JUnitReportReporter -->
<testsuite hostname="DESKTOP-GA3FTFK" failures="0" tests="1" name="selenium.testng.TestClass4" time="9.302" errors="0" timestamp="2023-01-30T10:29:52 IST" skipped="0">
  <testcase classname="selenium.testng.TestClass4" name="c" time="9.302"/>
  <system-out/>
</testsuite> <!-- selenium.testng.TestClass4 -->
