<?xml version="1.0" encoding="UTF-8"?>
<!-- Generated by org.testng.reporters.JUnitReportReporter -->
<testsuite hostname="DESKTOP-GA3FTFK" failures="0" tests="1" name="jsscriptexecutor.JSAlertClass" time="24.922" errors="0" timestamp="2023-02-02T22:26:31 IST" skipped="0">
  <testcase classname="jsscriptexecutor.JSAlertClass" name="webTableinChrome1" time="24.922"/>
  <system-out/>
</testsuite> <!-- jsscriptexecutor.JSAlertClass -->
