<?xml version="1.0" encoding="UTF-8"?>
<!-- Generated by org.testng.reporters.JUnitReportReporter -->
<testsuite hostname="DESKTOP-GA3FTFK" failures="0" tests="4" name="selenium.testng.TestTestNG2" time="0.121" errors="0" timestamp="2023-01-27T11:13:52 IST" skipped="0">
  <testcase classname="selenium.testng.TestTestNG2" name="test2" time="0.041"/>
  <system-out/>
  <testcase classname="selenium.testng.TestTestNG2" name="test4" time="0.035"/>
  <system-out/>
  <testcase classname="selenium.testng.TestTestNG2" name="test1" time="0.025"/>
  <system-out/>
  <testcase classname="selenium.testng.TestTestNG2" name="test3" time="0.020"/>
  <system-out/>
</testsuite> <!-- selenium.testng.TestTestNG2 -->
