<?xml version="1.0" encoding="UTF-8"?>
<!-- Generated by org.testng.reporters.JUnitReportReporter -->
<testsuite hostname="DESKTOP-GA3FTFK" failures="0" tests="4" name="selenium.testng.TestTestNG4" time="0.191" errors="0" timestamp="2023-01-27T11:13:52 IST" skipped="0">
  <testcase classname="selenium.testng.TestTestNG4" name="test2" time="0.057"/>
  <system-out/>
  <testcase classname="selenium.testng.TestTestNG4" name="test4" time="0.048"/>
  <system-out/>
  <testcase classname="selenium.testng.TestTestNG4" name="test3" time="0.046"/>
  <system-out/>
  <testcase classname="selenium.testng.TestTestNG4" name="test1" time="0.040"/>
  <system-out/>
</testsuite> <!-- selenium.testng.TestTestNG4 -->
