<?xml version="1.0" encoding="UTF-8"?>
<!-- Generated by org.testng.reporters.JUnitReportReporter -->
<testsuite hostname="DESKTOP-GA3FTFK" failures="0" tests="1" name="selenium.testng.firefoxclass" time="20.529" errors="0" timestamp="2023-01-28T23:53:16 IST" skipped="0">
  <testcase classname="selenium.testng.firefoxclass" name="testfirefox" time="20.529"/>
  <system-out/>
</testsuite> <!-- selenium.testng.firefoxclass -->
